<?xml version="1.0" encoding="UTF-8"?>
<testsuite name="com.example.project.testATM" tests="7" skipped="0" failures="0" errors="0" timestamp="2024-10-18T14:12:41" hostname="codespaces-1eb92c" time="0.17">
  <properties/>
  <testcase name="testCheckingWithdraw()" classname="com.example.project.testATM" time="0.123"/>
  <testcase name="testInvalidAccountType()" classname="com.example.project.testATM" time="0.012"/>
  <testcase name="testSavingsWithdraw()" classname="com.example.project.testATM" time="0.005"/>
  <testcase name="testEverything()" classname="com.example.project.testATM" time="0.006"/>
  <testcase name="testSavingsDeposit()" classname="com.example.project.testATM" time="0.004"/>
  <testcase name="testCheckingDeposit()" classname="com.example.project.testATM" time="0.004"/>
  <testcase name="testOverdraw()" classname="com.example.project.testATM" time="0.004"/>
  <system-out><![CDATA[]]></system-out>
  <system-err><![CDATA[]]></system-err>
</testsuite>
